e:\libcomm\libcomm\libcomm\x64\release\vc141.pdb
e:\libcomm\libcomm\libcomm\x64\release\websocket.obj
e:\libcomm\libcomm\libcomm\x64\release\thpool.obj
e:\libcomm\libcomm\libcomm\x64\release\taskdata.obj
e:\libcomm\libcomm\libcomm\x64\release\sfline.obj
e:\libcomm\libcomm\libcomm\x64\release\linklist.obj
e:\libcomm\libcomm\libcomm\x64\release\libcom.obj
e:\libcomm\libcomm\libcomm\x64\release\csocket.obj
e:\libcomm\libcomm\libcomm\x64\release\conf.obj
e:\libcomm\libcomm\libcomm\x64\release\bctime.obj
e:\libcomm\libcomm\libcomm\x64\release\bclog.obj
e:\libcomm\libcomm\x64\release\libcomm.ipdb
e:\libcomm\libcomm\x64\release\libcomm.iobj
e:\libcomm\libcomm\x64\release\libcomm.exe
e:\libcomm\libcomm\libcomm\x64\release\libcomm.tlog\cl.command.1.tlog
e:\libcomm\libcomm\libcomm\x64\release\libcomm.tlog\cl.read.1.tlog
e:\libcomm\libcomm\libcomm\x64\release\libcomm.tlog\cl.write.1.tlog
e:\libcomm\libcomm\libcomm\x64\release\libcomm.tlog\libcomm.write.1u.tlog
e:\libcomm\libcomm\libcomm\x64\release\libcomm.tlog\link.command.1.tlog
e:\libcomm\libcomm\libcomm\x64\release\libcomm.tlog\link.read.1.tlog
e:\libcomm\libcomm\libcomm\x64\release\libcomm.tlog\link.write.1.tlog
